SF:lib\src\core\theme\app_colors.dart
DA:4,0
LF:1
LH:0
end_of_record
SF:lib\src\model\transaction_model.dart
DA:17,0
DA:19,3
DA:29,6
DA:32,0
DA:41,0
DA:42,0
DA:43,0
DA:44,0
DA:45,0
DA:46,0
DA:47,0
DA:48,0
DA:52,0
DA:53,0
DA:54,0
DA:55,0
DA:56,0
DA:57,0
DA:58,0
DA:59,0
DA:60,0
DA:61,0
DA:65,0
DA:66,0
DA:67,0
DA:68,0
DA:69,0
DA:70,0
DA:71,0
DA:72,0
DA:73,0
DA:76,0
DA:80,0
DA:82,0
DA:83,0
DA:85,1
DA:87,6
DA:89,0
DA:93,0
DA:94,0
DA:95,0
DA:96,0
DA:99,0
DA:100,0
LF:44
LH:4
end_of_record
SF:lib\src\pages\home\components\financial_operation.dart
DA:10,2
DA:13,2
DA:15,2
DA:16,6
DA:18,8
DA:22,2
DA:23,10
DA:25,2
DA:26,10
DA:28,2
DA:29,10
DA:31,2
DA:33,2
DA:35,2
DA:37,2
DA:40,2
DA:41,2
DA:43,2
DA:44,2
DA:45,2
DA:46,2
DA:49,2
DA:50,2
DA:55,4
DA:58,2
DA:59,2
DA:60,4
DA:61,4
DA:66,2
DA:67,10
DA:72,2
DA:73,4
DA:77,2
DA:78,4
DA:81,2
DA:84,2
DA:85,2
DA:86,2
LF:38
LH:38
end_of_record
SF:lib\src\model\user_model.dart
DA:18,3
DA:33,0
DA:38,0
DA:39,0
DA:40,0
DA:41,0
DA:45,0
DA:46,0
DA:47,0
DA:48,0
DA:49,0
DA:50,0
DA:51,0
DA:55,1
DA:56,1
DA:57,2
DA:58,1
DA:59,1
DA:60,2
DA:61,2
DA:62,1
DA:67,0
DA:69,0
DA:70,0
DA:72,1
DA:74,4
DA:76,1
DA:80,0
DA:81,0
DA:82,0
DA:83,0
DA:86,0
DA:87,0
LF:33
LH:12
end_of_record
SF:lib\src\pages\home\controller\home_cubit.dart
DA:12,1
DA:15,2
DA:17,1
DA:19,2
DA:21,4
DA:22,3
DA:24,2
DA:25,1
DA:30,2
LF:9
LH:9
end_of_record
SF:lib\src\pages\home\state\home_state.dart
DA:6,1
DA:7,1
DA:18,2
DA:20,1
DA:21,3
LF:5
LH:5
end_of_record
SF:lib\src\app_module.dart
DA:8,1
DA:9,1
DA:10,1
DA:11,0
DA:15,0
DA:16,0
DA:17,0
DA:19,0
DA:21,0
DA:23,0
LF:10
LH:3
end_of_record
SF:lib\src\pages\home\components\home_state_success.dart
DA:14,1
DA:21,1
DA:22,1
DA:26,1
DA:28,1
DA:30,1
DA:31,2
DA:32,1
DA:33,1
DA:34,4
DA:36,4
DA:38,1
DA:39,2
DA:40,2
DA:41,2
LF:15
LH:15
end_of_record
SF:lib\src\pages\home\components\home_state_success_w_filters.dart
DA:7,1
DA:12,1
DA:19,1
DA:21,1
DA:22,7
DA:23,1
DA:24,1
DA:25,1
DA:27,1
DA:28,1
DA:29,5
DA:30,1
DA:31,1
DA:33,2
DA:34,1
DA:36,1
DA:38,1
DA:39,3
DA:45,1
DA:47,1
DA:48,3
DA:57,1
DA:62,1
DA:68,1
DA:70,1
DA:73,1
DA:77,1
DA:78,0
DA:79,1
DA:80,2
DA:81,1
LF:31
LH:30
end_of_record
SF:lib\src\pages\home\home_module.dart
DA:13,1
DA:14,1
DA:15,1
DA:16,0
DA:18,1
DA:19,0
DA:20,0
DA:24,1
DA:25,0
DA:26,0
DA:28,0
DA:33,0
DA:34,0
DA:35,0
DA:37,0
DA:39,0
DA:41,0
DA:42,0
DA:43,0
DA:44,0
DA:47,0
DA:49,0
LF:22
LH:5
end_of_record
SF:lib\src\pages\home\home_page.dart
DA:14,2
DA:22,1
DA:23,1
DA:31,0
DA:32,0
DA:33,0
DA:35,0
DA:38,0
DA:43,1
DA:45,1
DA:46,1
DA:47,1
DA:48,4
DA:49,1
DA:50,0
DA:51,1
DA:52,1
DA:53,1
DA:57,1
DA:58,1
DA:59,1
DA:61,1
DA:62,1
DA:64,1
DA:65,0
DA:67,1
DA:73,1
DA:79,1
DA:81,2
LF:29
LH:22
end_of_record
SF:lib\src\shared\widgets\app_floating_action_button.dart
DA:10,1
DA:12,0
DA:14,1
DA:16,1
DA:21,1
DA:22,1
DA:24,0
DA:25,0
DA:27,0
DA:29,0
DA:32,0
DA:37,1
DA:39,0
DA:40,0
DA:42,0
DA:44,0
DA:47,0
DA:52,1
DA:54,0
DA:55,0
DA:57,0
LF:21
LH:7
end_of_record
SF:lib\src\app_controller.dart
DA:6,0
DA:8,0
DA:10,0
LF:3
LH:0
end_of_record
SF:lib\src\pages\auth\authentication_module.dart
DA:14,0
DA:15,0
DA:16,0
DA:17,0
DA:19,0
DA:20,0
DA:21,0
DA:24,0
DA:25,0
DA:26,0
DA:28,0
DA:29,0
DA:30,0
DA:33,0
DA:34,0
DA:35,0
DA:40,0
DA:41,0
DA:42,0
DA:44,0
DA:46,0
DA:48,0
DA:50,0
DA:52,0
DA:54,0
DA:56,0
LF:26
LH:0
end_of_record
SF:lib\src\pages\auth\sign_up\sign_up_page.dart
DA:11,1
DA:13,0
DA:14,0
DA:20,0
DA:22,0
DA:23,0
DA:24,0
DA:25,0
DA:26,0
DA:28,0
DA:32,0
DA:33,0
DA:34,0
DA:36,0
DA:37,0
DA:40,0
DA:41,0
DA:46,0
DA:47,0
DA:48,0
DA:50,0
DA:51,0
DA:54,0
DA:55,0
LF:24
LH:1
end_of_record
SF:lib\src\pages\auth\splash\controller\splash_controller.dart
DA:8,0
DA:10,0
DA:12,0
DA:13,0
DA:14,0
DA:17,0
DA:18,0
DA:21,0
DA:23,0
LF:9
LH:0
end_of_record
SF:lib\src\pages\auth\login\controller\login_controller.dart
DA:9,3
DA:11,1
DA:16,2
DA:18,2
DA:22,3
DA:24,0
DA:25,0
LF:7
LH:5
end_of_record
SF:lib\src\pages\auth\login\login_page.dart
DA:11,1
DA:13,0
DA:14,0
DA:20,0
DA:22,0
DA:23,0
DA:24,0
DA:25,0
DA:26,0
DA:28,0
DA:32,0
DA:33,0
DA:34,0
DA:36,0
DA:39,0
DA:40,0
DA:42,0
DA:43,0
LF:18
LH:1
end_of_record
SF:lib\src\pages\auth\password_recovery\controller\recovery__password_cubit.dart
DA:10,0
DA:11,0
DA:13,0
DA:15,0
DA:16,0
DA:18,0
DA:19,0
LF:7
LH:0
end_of_record
SF:lib\src\pages\auth\password_recovery\recovery_password_page.dart
DA:10,1
DA:12,0
DA:13,0
DA:20,0
DA:22,0
DA:23,0
DA:26,0
DA:27,0
DA:28,0
DA:29,0
DA:30,0
DA:32,0
DA:36,0
DA:37,0
DA:38,0
DA:40,0
DA:43,0
DA:44,0
DA:45,0
DA:54,0
DA:56,0
DA:57,0
DA:58,0
DA:60,0
DA:61,0
DA:71,0
DA:72,0
DA:73,0
DA:74,0
LF:29
LH:1
end_of_record
SF:lib\src\pages\auth\sign_up\controller\sign_up_controller.dart
DA:10,0
DA:12,0
DA:14,0
DA:20,0
DA:22,0
DA:28,0
DA:29,0
DA:31,0
DA:34,0
DA:36,0
DA:37,0
LF:11
LH:0
end_of_record
SF:lib\src\pages\auth\repository\repository_impl.dart
DA:9,0
DA:10,0
DA:17,0
DA:22,0
DA:23,0
DA:26,0
DA:27,0
DA:29,0
DA:31,0
DA:43,0
DA:48,0
DA:54,0
DA:56,0
DA:59,0
DA:61,0
DA:62,0
DA:63,0
DA:64,0
LF:18
LH:0
end_of_record
SF:lib\src\pages\auth\splash\splash_page.dart
DA:10,1
DA:12,0
DA:14,0
DA:15,0
DA:16,0
DA:17,0
DA:18,0
DA:19,0
DA:21,0
DA:22,0
DA:23,0
DA:26,0
DA:28,0
DA:29,0
DA:32,0
LF:15
LH:1
end_of_record
SF:lib\src\pages\auth\components\password_validator.dart
DA:2,0
DA:4,0
DA:6,0
DA:8,0
LF:4
LH:0
end_of_record
SF:lib\src\pages\auth\login\components\login_error_card.dart
DA:5,1
DA:8,0
DA:10,0
DA:12,0
DA:14,0
DA:15,0
DA:16,0
DA:18,0
DA:23,0
DA:25,0
DA:26,0
DA:27,0
LF:12
LH:1
end_of_record
SF:lib\src\pages\auth\login\components\login_success_card.dart
DA:6,0
DA:10,0
DA:12,0
DA:14,0
DA:15,0
DA:16,0
DA:18,0
DA:23,0
DA:25,0
DA:26,0
LF:10
LH:0
end_of_record
SF:lib\src\pages\auth\login\login_screen.dart
DA:11,1
DA:15,0
DA:16,0
DA:29,0
DA:30,0
DA:31,0
DA:32,0
DA:33,0
DA:37,0
DA:39,0
DA:40,0
DA:41,0
DA:42,0
DA:44,0
DA:45,0
DA:46,0
DA:47,0
DA:48,0
DA:49,0
DA:50,0
DA:51,0
DA:52,0
DA:54,0
DA:68,0
DA:73,0
DA:74,0
DA:88,0
DA:90,0
DA:91,0
DA:99,0
DA:104,0
DA:105,0
DA:107,0
DA:108,0
DA:109,0
DA:121,0
DA:123,0
DA:124,0
DA:125,0
DA:126,0
DA:134,0
DA:135,0
DA:138,0
DA:148,0
DA:150,0
DA:151,0
DA:152,0
DA:155,0
DA:156,0
DA:157,0
DA:167,0
DA:168,0
DA:174,0
DA:175,0
DA:176,0
DA:177,0
LF:56
LH:1
end_of_record
SF:lib\src\pages\auth\login\state\login_state.dart
DA:11,1
LF:1
LH:1
end_of_record
SF:lib\src\pages\auth\sign_up\components\sign_up_button.dart
DA:11,0
DA:20,0
DA:22,0
DA:24,0
DA:25,0
DA:26,0
DA:27,0
DA:28,0
DA:29,0
LF:9
LH:0
end_of_record
SF:lib\src\pages\auth\sign_up\components\sign_up_feedback.dart
DA:9,0
DA:14,0
DA:16,0
DA:18,0
DA:19,0
DA:22,0
DA:23,0
DA:27,0
DA:28,0
DA:29,0
LF:10
LH:0
end_of_record
SF:lib\src\pages\auth\sign_up\sign_up_screen.dart
DA:9,1
DA:11,0
DA:12,0
DA:31,0
DA:32,0
DA:33,0
DA:34,0
DA:35,0
DA:39,0
DA:40,0
DA:41,0
DA:42,0
DA:43,0
DA:47,0
DA:49,0
DA:51,0
DA:54,0
DA:55,0
DA:56,0
DA:57,0
DA:59,0
DA:60,0
DA:61,0
DA:62,0
DA:63,0
DA:65,0
DA:66,0
DA:71,0
DA:72,0
DA:86,0
DA:88,0
DA:89,0
DA:97,0
DA:102,0
DA:103,0
DA:117,0
DA:119,0
DA:120,0
DA:128,0
DA:133,0
DA:134,0
DA:136,0
DA:137,0
DA:138,0
DA:150,0
DA:152,0
DA:153,0
DA:154,0
DA:155,0
DA:163,0
DA:164,0
DA:167,0
DA:177,0
DA:182,0
DA:183,0
DA:185,0
DA:186,0
DA:187,0
DA:199,0
DA:201,0
DA:202,0
DA:203,0
DA:204,0
DA:212,0
DA:213,0
DA:215,0
DA:223,0
DA:224,0
DA:225,0
DA:226,0
LF:70
LH:1
end_of_record
SF:lib\src\pages\auth\splash\state\splash_state.dart
DA:9,0
LF:1
LH:0
end_of_record
SF:lib\src\pages\credit_card\add_new_card.dart
DA:7,2
DA:9,0
DA:10,0
DA:14,0
DA:16,0
DA:18,0
DA:21,0
DA:22,0
DA:24,0
DA:25,0
DA:27,0
DA:28,0
DA:29,0
DA:30,0
DA:32,0
DA:44,0
DA:45,0
DA:46,0
DA:47,0
DA:49,0
DA:50,0
DA:51,0
DA:52,0
DA:74,0
DA:76,0
DA:77,0
LF:26
LH:1
end_of_record
SF:lib\src\pages\credit_card\components\input_formatters.dart
DA:4,0
DA:7,0
DA:9,0
DA:13,0
DA:14,0
DA:15,0
DA:16,0
DA:17,0
DA:18,0
DA:22,0
DA:23,0
DA:25,0
DA:30,0
DA:33,0
DA:37,0
DA:38,0
DA:40,0
DA:41,0
DA:42,0
DA:44,0
DA:45,0
DA:49,0
DA:50,0
DA:51,0
LF:24
LH:0
end_of_record
SF:lib\src\pages\credit_card\credit_card_screen.dart
DA:6,0
DA:8,0
DA:16,0
DA:17,0
DA:23,0
DA:25,0
DA:27,0
LF:7
LH:0
end_of_record
SF:lib\src\pages\home\components\header_home.dart
DA:10,1
DA:13,1
DA:17,1
DA:19,1
DA:22,1
DA:24,1
DA:26,1
DA:27,1
DA:28,1
DA:29,1
DA:30,0
DA:31,0
DA:36,1
DA:38,1
DA:39,5
DA:44,1
DA:46,1
DA:53,1
DA:54,5
LF:19
LH:17
end_of_record
SF:lib\src\shared\utils\formatters.dart
DA:2,1
DA:3,2
DA:5,1
LF:3
LH:3
end_of_record
SF:lib\src\pages\home\components\home_state_empty.dart
DA:5,1
DA:7,0
DA:9,0
DA:11,0
DA:12,0
LF:5
LH:1
end_of_record
SF:lib\src\pages\home\repository\home_repository_impl.dart
DA:10,0
DA:11,0
DA:12,0
DA:13,0
DA:15,0
DA:19,0
DA:21,0
DA:23,0
DA:28,0
DA:32,0
DA:34,0
DA:35,0
DA:36,0
DA:42,0
DA:46,0
DA:47,0
DA:50,0
DA:57,0
DA:59,0
DA:60,0
DA:63,0
DA:64,0
DA:67,0
DA:68,0
DA:72,0
DA:74,0
DA:75,0
DA:76,0
DA:77,0
DA:78,0
DA:82,0
DA:87,0
DA:91,0
DA:93,0
DA:96,0
DA:97,0
LF:36
LH:0
end_of_record
SF:lib\src\pages\transactions\add_transaction\add_transactions.dart
DA:17,0
DA:23,0
DA:27,0
DA:28,0
DA:42,0
DA:43,0
DA:47,0
DA:48,0
DA:50,0
DA:51,0
DA:55,0
DA:57,0
DA:58,0
DA:59,0
DA:60,0
DA:63,0
DA:66,0
DA:69,0
DA:72,0
DA:73,0
DA:80,0
DA:82,0
DA:83,0
DA:84,0
DA:85,0
DA:86,0
DA:87,0
DA:89,0
DA:93,0
DA:94,0
DA:95,0
DA:96,0
DA:97,0
DA:98,0
DA:101,0
DA:102,0
DA:103,0
DA:104,0
DA:105,0
DA:106,0
DA:109,0
DA:111,0
DA:112,0
DA:115,0
DA:116,0
DA:118,0
DA:119,0
DA:121,0
DA:122,0
DA:127,0
DA:128,0
DA:129,0
DA:130,0
DA:145,0
DA:150,0
DA:151,0
DA:152,0
DA:153,0
DA:166,0
DA:167,0
DA:169,0
DA:173,0
DA:174,0
DA:179,0
DA:188,0
DA:189,0
DA:190,0
DA:192,0
DA:193,0
DA:194,0
DA:195,0
DA:197,0
DA:201,0
DA:206,0
DA:215,0
DA:216,0
DA:217,0
DA:219,0
DA:220,0
DA:221,0
DA:222,0
DA:224,0
DA:228,0
DA:230,0
DA:231,0
DA:232,0
DA:233,0
DA:234,0
DA:235,0
DA:236,0
DA:237,0
DA:238,0
DA:242,0
LF:93
LH:0
end_of_record
SF:lib\src\pages\transactions\add_transaction\controller\add_transaction_controller.dart
DA:18,0
DA:22,0
DA:24,0
DA:28,0
DA:32,0
DA:34,0
DA:35,0
DA:36,0
DA:37,0
DA:40,0
DA:41,0
DA:45,0
DA:46,0
DA:48,0
DA:50,0
DA:55,0
DA:59,0
DA:61,0
DA:62,0
DA:64,0
DA:66,0
LF:21
LH:0
end_of_record
SF:lib\src\pages\transactions\current_transactions\transaction_screen.dart
DA:9,1
DA:12,1
DA:22,0
DA:23,0
DA:27,0
DA:29,0
DA:30,0
DA:32,0
DA:33,0
DA:37,0
DA:39,0
DA:41,0
DA:42,0
DA:43,0
DA:44,0
LF:15
LH:2
end_of_record
SF:lib\src\shared\widgets\app_nav_bar.dart
DA:9,1
DA:12,1
DA:14,1
DA:15,1
DA:20,1
DA:22,1
DA:23,0
DA:24,0
DA:25,0
DA:26,0
DA:27,0
DA:35,1
LF:12
LH:7
end_of_record
SF:lib\src\pages\transactions\add_transaction\state\add_transaction_state.dart
DA:2,0
DA:16,0
LF:2
LH:0
end_of_record
